gcc -fPIC -fPIC -Wall -Wno-unknown-pragmas -std=gnu99 -pthread -Og -ggdb   -c -o SpectralTestDriver.o SpectralTestDriver.c
gcc -fPIC -fPIC -Wall -Wno-unknown-pragmas -std=gnu99 -pthread -Og -ggdb   -c -o Spectral_Functions.o Spectral_Functions.c
Spectral_Functions.c: In function ‘ReadSpectralCALfile’:
Spectral_Functions.c:339:46: error: ‘spcalib’ is a pointer; did you mean to use ‘->’?
  339 |    WriteSpectrum("Wavelengths_1.txt", spcalib.nwavelengths, spcalib.wavelength_nm, spcalib.wavelength_nm, spcalib.wavelength_nm);
      |                                              ^
      |                                              ->
Spectral_Functions.c:339:68: error: ‘spcalib’ is a pointer; did you mean to use ‘->’?
  339 |    WriteSpectrum("Wavelengths_1.txt", spcalib.nwavelengths, spcalib.wavelength_nm, spcalib.wavelength_nm, spcalib.wavelength_nm);
      |                                                                    ^
      |                                                                    ->
Spectral_Functions.c:339:91: error: ‘spcalib’ is a pointer; did you mean to use ‘->’?
  339 |    WriteSpectrum("Wavelengths_1.txt", spcalib.nwavelengths, spcalib.wavelength_nm, spcalib.wavelength_nm, spcalib.wavelength_nm);
      |                                                                                           ^
      |                                                                                           ->
Spectral_Functions.c:339:114: error: ‘spcalib’ is a pointer; did you mean to use ‘->’?
  339 |    WriteSpectrum("Wavelengths_1.txt", spcalib.nwavelengths, spcalib.wavelength_nm, spcalib.wavelength_nm, spcalib.wavelength_nm);
      |                                                                                                                  ^
      |                                                                                                                  ->
Spectral_Functions.c:377:46: error: ‘spcalib’ is a pointer; did you mean to use ‘->’?
  377 |    WriteSpectrum("Wavelengths_2.txt", spcalib.nwavelengths, spcalib.wavelength_nm, spcalib.wavelength_nm, spcalib.wavelength_nm);
      |                                              ^
      |                                              ->
Spectral_Functions.c:377:68: error: ‘spcalib’ is a pointer; did you mean to use ‘->’?
  377 |    WriteSpectrum("Wavelengths_2.txt", spcalib.nwavelengths, spcalib.wavelength_nm, spcalib.wavelength_nm, spcalib.wavelength_nm);
      |                                                                    ^
      |                                                                    ->
Spectral_Functions.c:377:91: error: ‘spcalib’ is a pointer; did you mean to use ‘->’?
  377 |    WriteSpectrum("Wavelengths_2.txt", spcalib.nwavelengths, spcalib.wavelength_nm, spcalib.wavelength_nm, spcalib.wavelength_nm);
      |                                                                                           ^
      |                                                                                           ->
Spectral_Functions.c:377:114: error: ‘spcalib’ is a pointer; did you mean to use ‘->’?
  377 |    WriteSpectrum("Wavelengths_2.txt", spcalib.nwavelengths, spcalib.wavelength_nm, spcalib.wavelength_nm, spcalib.wavelength_nm);
      |                                                                                                                  ^
      |                                                                                                                  ->
Spectral_Functions.c:415:46: error: ‘spcalib’ is a pointer; did you mean to use ‘->’?
  415 |    WriteSpectrum("Wavelengths_3.txt", spcalib.nwavelengths, spcalib.wavelength_nm, spcalib.wavelength_nm, spcalib.wavelength_nm);
      |                                              ^
      |                                              ->
Spectral_Functions.c:415:68: error: ‘spcalib’ is a pointer; did you mean to use ‘->’?
  415 |    WriteSpectrum("Wavelengths_3.txt", spcalib.nwavelengths, spcalib.wavelength_nm, spcalib.wavelength_nm, spcalib.wavelength_nm);
      |                                                                    ^
      |                                                                    ->
Spectral_Functions.c:415:91: error: ‘spcalib’ is a pointer; did you mean to use ‘->’?
  415 |    WriteSpectrum("Wavelengths_3.txt", spcalib.nwavelengths, spcalib.wavelength_nm, spcalib.wavelength_nm, spcalib.wavelength_nm);
      |                                                                                           ^
      |                                                                                           ->
Spectral_Functions.c:415:114: error: ‘spcalib’ is a pointer; did you mean to use ‘->’?
  415 |    WriteSpectrum("Wavelengths_3.txt", spcalib.nwavelengths, spcalib.wavelength_nm, spcalib.wavelength_nm, spcalib.wavelength_nm);
      |                                                                                                                  ^
      |                                                                                                                  ->
Spectral_Functions.c:440:49: error: ‘spcalib’ is a pointer; did you mean to use ‘->’?
  440 |       WriteSpectrum("Wavelengths_3.txt", spcalib.nwavelengths, spcalib.wavelength_nm, spcalib.wavelength_nm, spcalib.wavelength_nm);
      |                                                 ^
      |                                                 ->
Spectral_Functions.c:440:71: error: ‘spcalib’ is a pointer; did you mean to use ‘->’?
  440 |       WriteSpectrum("Wavelengths_3.txt", spcalib.nwavelengths, spcalib.wavelength_nm, spcalib.wavelength_nm, spcalib.wavelength_nm);
      |                                                                       ^
      |                                                                       ->
Spectral_Functions.c:440:94: error: ‘spcalib’ is a pointer; did you mean to use ‘->’?
  440 |       WriteSpectrum("Wavelengths_3.txt", spcalib.nwavelengths, spcalib.wavelength_nm, spcalib.wavelength_nm, spcalib.wavelength_nm);
      |                                                                                              ^
      |                                                                                              ->
Spectral_Functions.c:440:117: error: ‘spcalib’ is a pointer; did you mean to use ‘->’?
  440 |       WriteSpectrum("Wavelengths_3.txt", spcalib.nwavelengths, spcalib.wavelength_nm, spcalib.wavelength_nm, spcalib.wavelength_nm);
      |                                                                                                                     ^
      |                                                                                                                     ->
Spectral_Functions.c:522:46: error: ‘spcalib’ is a pointer; did you mean to use ‘->’?
  522 |    WriteSpectrum("Wavelengths_4.txt", spcalib.nwavelengths, spcalib.wavelength_nm, spcalib.wavelength_nm, spcalib.wavelength_nm);
      |                                              ^
      |                                              ->
Spectral_Functions.c:522:68: error: ‘spcalib’ is a pointer; did you mean to use ‘->’?
  522 |    WriteSpectrum("Wavelengths_4.txt", spcalib.nwavelengths, spcalib.wavelength_nm, spcalib.wavelength_nm, spcalib.wavelength_nm);
      |                                                                    ^
      |                                                                    ->
Spectral_Functions.c:522:91: error: ‘spcalib’ is a pointer; did you mean to use ‘->’?
  522 |    WriteSpectrum("Wavelengths_4.txt", spcalib.nwavelengths, spcalib.wavelength_nm, spcalib.wavelength_nm, spcalib.wavelength_nm);
      |                                                                                           ^
      |                                                                                           ->
Spectral_Functions.c:522:114: error: ‘spcalib’ is a pointer; did you mean to use ‘->’?
  522 |    WriteSpectrum("Wavelengths_4.txt", spcalib.nwavelengths, spcalib.wavelength_nm, spcalib.wavelength_nm, spcalib.wavelength_nm);
      |                                                                                                                  ^
      |                                                                                                                  ->
Spectral_Functions.c:535:46: error: ‘spcalib’ is a pointer; did you mean to use ‘->’?
  535 |    WriteSpectrum("Wavelengths_5.txt", spcalib.nwavelengths, spcalib.wavelength_nm, spcalib.wavelength_nm, spcalib.wavelength_nm);
      |                                              ^
      |                                              ->
Spectral_Functions.c:535:68: error: ‘spcalib’ is a pointer; did you mean to use ‘->’?
  535 |    WriteSpectrum("Wavelengths_5.txt", spcalib.nwavelengths, spcalib.wavelength_nm, spcalib.wavelength_nm, spcalib.wavelength_nm);
      |                                                                    ^
      |                                                                    ->
Spectral_Functions.c:535:91: error: ‘spcalib’ is a pointer; did you mean to use ‘->’?
  535 |    WriteSpectrum("Wavelengths_5.txt", spcalib.nwavelengths, spcalib.wavelength_nm, spcalib.wavelength_nm, spcalib.wavelength_nm);
      |                                                                                           ^
      |                                                                                           ->
Spectral_Functions.c:535:114: error: ‘spcalib’ is a pointer; did you mean to use ‘->’?
  535 |    WriteSpectrum("Wavelengths_5.txt", spcalib.nwavelengths, spcalib.wavelength_nm, spcalib.wavelength_nm, spcalib.wavelength_nm);
      |                                                                                                                  ^
      |                                                                                                                  ->
Spectral_Functions.c:554:46: error: ‘spcalib’ is a pointer; did you mean to use ‘->’?
  554 |    WriteSpectrum("Wavelengths_6.txt", spcalib.nwavelengths, spcalib.wavelength_nm, spcalib.wavelength_nm, spcalib.wavelength_nm);
      |                                              ^
      |                                              ->
Spectral_Functions.c:554:68: error: ‘spcalib’ is a pointer; did you mean to use ‘->’?
  554 |    WriteSpectrum("Wavelengths_6.txt", spcalib.nwavelengths, spcalib.wavelength_nm, spcalib.wavelength_nm, spcalib.wavelength_nm);
      |                                                                    ^
      |                                                                    ->
Spectral_Functions.c:554:91: error: ‘spcalib’ is a pointer; did you mean to use ‘->’?
  554 |    WriteSpectrum("Wavelengths_6.txt", spcalib.nwavelengths, spcalib.wavelength_nm, spcalib.wavelength_nm, spcalib.wavelength_nm);
      |                                                                                           ^
      |                                                                                           ->
Spectral_Functions.c:554:114: error: ‘spcalib’ is a pointer; did you mean to use ‘->’?
  554 |    WriteSpectrum("Wavelengths_6.txt", spcalib.nwavelengths, spcalib.wavelength_nm, spcalib.wavelength_nm, spcalib.wavelength_nm);
      |                                                                                                                  ^
      |                                                                                                                  ->
Spectral_Functions.c: In function ‘GetMostRecentSPCAL’:
Spectral_Functions.c:834:13: warning: suggest parentheses around assignment used as truth value [-Wparentheses]
  834 |      while (entry = readdir(directory_ptr))  {
      |             ^~~~~
Spectral_Functions.c: In function ‘ReadStarSpectra’:
Spectral_Functions.c:1650:27: warning: format ‘%s’ expects argument of type ‘char *’, but argument 4 has type ‘char (*)[8]’ [-Wformat=]
 1650 |   fscanf(starfile, "%ld %5s %lf %lf %lf %lf %lf %lf",
      |                         ~~^
      |                           |
      |                           char *
 1651 |    &starspectra->star[ks].hip,
 1652 |    &starspectra->star[ks].specType,
      |    ~~~~~~~~~~~~~~~~~~~~~~~~~~~~~~~
      |    |
      |    char (*)[8]
Spectral_Functions.c: In function ‘IronOnlySpectrumT’:
Spectral_Functions.c:2850:15: warning: variable ‘kmax’ set but not used [-Wunused-but-set-variable]
 2850 | int     kmin, kmax, kwave2nd;
      |               ^~~~
Spectral_Functions.c: In function ‘ActiveElementsSpectraTlo’:
Spectral_Functions.c:3013:53: warning: variable ‘kmax’ set but not used [-Wunused-but-set-variable]
 3013 | int     kwave_start, kline_start, kline_finis, kpf, kmax;
      |                                                     ^~~~
Spectral_Functions.c: In function ‘ActiveElementsSpectraThi’:
Spectral_Functions.c:3212:15: warning: variable ‘kmax’ set but not used [-Wunused-but-set-variable]
 3212 | int     kmin, kmax, kwave2nd, kneu, kion;
      |               ^~~~
Spectral_Functions.c: In function ‘ReadSpectralConfigfile’:
Spectral_Functions.c:152:7: warning: ignoring return value of ‘fscanf’, declared with attribute warn_unused_result [-Wunused-result]
  152 |       fscanf( spconfigfile, "%[^=]= %lf", text, &spconfig->version               );
      |       ^~~~~~~~~~~~~~~~~~~~~~~~~~~~~~~~~~~~~~~~~~~~~~~~~~~~~~~~~~~~~~~~~~~~~~~~~~~~
Spectral_Functions.c:164:7: warning: ignoring return value of ‘fscanf’, declared with attribute warn_unused_result [-Wunused-result]
  164 |       fscanf( spconfigfile, "%[^=]= %ld",  text, &spconfig->order4spcalib         );
      |       ^~~~~~~~~~~~~~~~~~~~~~~~~~~~~~~~~~~~~~~~~~~~~~~~~~~~~~~~~~~~~~~~~~~~~~~~~~~~~
Spectral_Functions.c:165:7: warning: ignoring return value of ‘fscanf’, declared with attribute warn_unused_result [-Wunused-result]
  165 |       fscanf( spconfigfile, "%[^=]= %ld",  text, &spconfig->rowdelta              );
      |       ^~~~~~~~~~~~~~~~~~~~~~~~~~~~~~~~~~~~~~~~~~~~~~~~~~~~~~~~~~~~~~~~~~~~~~~~~~~~~
Spectral_Functions.c:167:7: warning: ignoring return value of ‘fscanf’, declared with attribute warn_unused_result [-Wunused-result]
  167 |       fscanf( spconfigfile, "%[^=]= %lf", text, &spconfig->min_cal_wavelength_nm );
      |       ^~~~~~~~~~~~~~~~~~~~~~~~~~~~~~~~~~~~~~~~~~~~~~~~~~~~~~~~~~~~~~~~~~~~~~~~~~~~
Spectral_Functions.c:168:7: warning: ignoring return value of ‘fscanf’, declared with attribute warn_unused_result [-Wunused-result]
  168 |       fscanf( spconfigfile, "%[^=]= %lf", text, &spconfig->max_cal_wavelength_nm );
      |       ^~~~~~~~~~~~~~~~~~~~~~~~~~~~~~~~~~~~~~~~~~~~~~~~~~~~~~~~~~~~~~~~~~~~~~~~~~~~
Spectral_Functions.c:169:7: warning: ignoring return value of ‘fscanf’, declared with attribute warn_unused_result [-Wunused-result]
  169 |       fscanf( spconfigfile, "%[^=]= %lf", text, &spconfig->del_wavelength_nm     );
      |       ^~~~~~~~~~~~~~~~~~~~~~~~~~~~~~~~~~~~~~~~~~~~~~~~~~~~~~~~~~~~~~~~~~~~~~~~~~~~
Spectral_Functions.c:170:7: warning: ignoring return value of ‘fscanf’, declared with attribute warn_unused_result [-Wunused-result]
  170 |       fscanf( spconfigfile, "%[^=]= %lf", text, &spconfig->min_fit_wavelength_nm );
      |       ^~~~~~~~~~~~~~~~~~~~~~~~~~~~~~~~~~~~~~~~~~~~~~~~~~~~~~~~~~~~~~~~~~~~~~~~~~~~
Spectral_Functions.c:171:7: warning: ignoring return value of ‘fscanf’, declared with attribute warn_unused_result [-Wunused-result]
  171 |       fscanf( spconfigfile, "%[^=]= %lf", text, &spconfig->max_fit_wavelength_nm );
      |       ^~~~~~~~~~~~~~~~~~~~~~~~~~~~~~~~~~~~~~~~~~~~~~~~~~~~~~~~~~~~~~~~~~~~~~~~~~~~
Spectral_Functions.c:172:7: warning: ignoring return value of ‘fscanf’, declared with attribute warn_unused_result [-Wunused-result]
  172 |       fscanf( spconfigfile, "%[^=]= %lf", text, &spconfig->minspan_wavelength_nm );
      |       ^~~~~~~~~~~~~~~~~~~~~~~~~~~~~~~~~~~~~~~~~~~~~~~~~~~~~~~~~~~~~~~~~~~~~~~~~~~~
Spectral_Functions.c:173:7: warning: ignoring return value of ‘fscanf’, declared with attribute warn_unused_result [-Wunused-result]
  173 |       fscanf( spconfigfile, "%[^=]= %lf", text, &spconfig->smooth_bandwidth_nm   );
      |       ^~~~~~~~~~~~~~~~~~~~~~~~~~~~~~~~~~~~~~~~~~~~~~~~~~~~~~~~~~~~~~~~~~~~~~~~~~~~
Spectral_Functions.c:174:4: warning: ignoring return value of ‘fscanf’, declared with attribute warn_unused_result [-Wunused-result]
  174 |    fscanf( spconfigfile, "%[^=]= %lf", text, &spconfig->faintest_star_vmag    );
      |    ^~~~~~~~~~~~~~~~~~~~~~~~~~~~~~~~~~~~~~~~~~~~~~~~~~~~~~~~~~~~~~~~~~~~~~~~~~~~
Spectral_Functions.c:175:7: warning: ignoring return value of ‘fscanf’, declared with attribute warn_unused_result [-Wunused-result]
  175 |       fscanf( spconfigfile, "%[^=]= %lf", text, &spconfig->airmass_limit         );
      |       ^~~~~~~~~~~~~~~~~~~~~~~~~~~~~~~~~~~~~~~~~~~~~~~~~~~~~~~~~~~~~~~~~~~~~~~~~~~~
Spectral_Functions.c:176:7: warning: ignoring return value of ‘fscanf’, declared with attribute warn_unused_result [-Wunused-result]
  176 |       fscanf( spconfigfile, "%[^=]= %lf", text, &spconfig->fading_coef           );
      |       ^~~~~~~~~~~~~~~~~~~~~~~~~~~~~~~~~~~~~~~~~~~~~~~~~~~~~~~~~~~~~~~~~~~~~~~~~~~~
Spectral_Functions.c:177:7: warning: ignoring return value of ‘fscanf’, declared with attribute warn_unused_result [-Wunused-result]
  177 |       fscanf( spconfigfile, "%[^=]= %lf", text, &spconfig->coin_time_tolerance   );
      |       ^~~~~~~~~~~~~~~~~~~~~~~~~~~~~~~~~~~~~~~~~~~~~~~~~~~~~~~~~~~~~~~~~~~~~~~~~~~~
Spectral_Functions.c:179:7: warning: ignoring return value of ‘fscanf’, declared with attribute warn_unused_result [-Wunused-result]
  179 |       fscanf( spconfigfile, "%[^=]= %lf", text, &spconfig->min_lo_exc_temp       );
      |       ^~~~~~~~~~~~~~~~~~~~~~~~~~~~~~~~~~~~~~~~~~~~~~~~~~~~~~~~~~~~~~~~~~~~~~~~~~~~
Spectral_Functions.c:180:7: warning: ignoring return value of ‘fscanf’, declared with attribute warn_unused_result [-Wunused-result]
  180 |       fscanf( spconfigfile, "%[^=]= %lf", text, &spconfig->max_lo_exc_temp       );
      |       ^~~~~~~~~~~~~~~~~~~~~~~~~~~~~~~~~~~~~~~~~~~~~~~~~~~~~~~~~~~~~~~~~~~~~~~~~~~~
Spectral_Functions.c:181:7: warning: ignoring return value of ‘fscanf’, declared with attribute warn_unused_result [-Wunused-result]
  181 |       fscanf( spconfigfile, "%[^=]= %lf", text, &spconfig->step_lo_exc_temp      );
      |       ^~~~~~~~~~~~~~~~~~~~~~~~~~~~~~~~~~~~~~~~~~~~~~~~~~~~~~~~~~~~~~~~~~~~~~~~~~~~
Spectral_Functions.c:182:7: warning: ignoring return value of ‘fscanf’, declared with attribute warn_unused_result [-Wunused-result]
  182 |       fscanf( spconfigfile, "%[^=]= %lf", text, &spconfig->nominal_lo_exc_temp   );
      |       ^~~~~~~~~~~~~~~~~~~~~~~~~~~~~~~~~~~~~~~~~~~~~~~~~~~~~~~~~~~~~~~~~~~~~~~~~~~~
Spectral_Functions.c:183:7: warning: ignoring return value of ‘fscanf’, declared with attribute warn_unused_result [-Wunused-result]
  183 |       fscanf( spconfigfile, "%[^=]= %lf", text, &spconfig->nominal_hi_exc_temp   );
      |       ^~~~~~~~~~~~~~~~~~~~~~~~~~~~~~~~~~~~~~~~~~~~~~~~~~~~~~~~~~~~~~~~~~~~~~~~~~~~
Spectral_Functions.c:184:7: warning: ignoring return value of ‘fscanf’, declared with attribute warn_unused_result [-Wunused-result]
  184 |       fscanf( spconfigfile, "%[^=]= %lf", text, &spconfig->nominal_sigma0        );
      |       ^~~~~~~~~~~~~~~~~~~~~~~~~~~~~~~~~~~~~~~~~~~~~~~~~~~~~~~~~~~~~~~~~~~~~~~~~~~~
Spectral_Functions.c:186:7: warning: ignoring return value of ‘fscanf’, declared with attribute warn_unused_result [-Wunused-result]
  186 |       fscanf(spconfigfile,  "%[^=]= %lf", text, &spconfig->grating_offnormal_deg );
      |       ^~~~~~~~~~~~~~~~~~~~~~~~~~~~~~~~~~~~~~~~~~~~~~~~~~~~~~~~~~~~~~~~~~~~~~~~~~~~
Spectral_Functions.c:187:4: warning: ignoring return value of ‘fscanf’, declared with attribute warn_unused_result [-Wunused-result]
  187 |    fscanf(spconfigfile,  "%[^=]= %lf", text, &spconfig->default_roll_deg      );
      |    ^~~~~~~~~~~~~~~~~~~~~~~~~~~~~~~~~~~~~~~~~~~~~~~~~~~~~~~~~~~~~~~~~~~~~~~~~~~~
Spectral_Functions.c:188:4: warning: ignoring return value of ‘fscanf’, declared with attribute warn_unused_result [-Wunused-result]
  188 |    fscanf( spconfigfile, "%[^=]= %lf", text, &spconfig->default_pitch_deg     );
      |    ^~~~~~~~~~~~~~~~~~~~~~~~~~~~~~~~~~~~~~~~~~~~~~~~~~~~~~~~~~~~~~~~~~~~~~~~~~~~
Spectral_Functions.c:189:7: warning: ignoring return value of ‘fscanf’, declared with attribute warn_unused_result [-Wunused-result]
  189 |       fscanf( spconfigfile, "%[^=]= %lf", text, &spconfig->default_yaw_deg       );
      |       ^~~~~~~~~~~~~~~~~~~~~~~~~~~~~~~~~~~~~~~~~~~~~~~~~~~~~~~~~~~~~~~~~~~~~~~~~~~~
Spectral_Functions.c:190:7: warning: ignoring return value of ‘fscanf’, declared with attribute warn_unused_result [-Wunused-result]
  190 |       fscanf( spconfigfile, "%[^=]= %lf", text, &spconfig->default_ne            );
      |       ^~~~~~~~~~~~~~~~~~~~~~~~~~~~~~~~~~~~~~~~~~~~~~~~~~~~~~~~~~~~~~~~~~~~~~~~~~~~
Spectral_Functions.c:191:7: warning: ignoring return value of ‘fscanf’, declared with attribute warn_unused_result [-Wunused-result]
  191 |       fscanf( spconfigfile, "%[^=]= %lf", text, &spconfig->default_hot2warm      );
      |       ^~~~~~~~~~~~~~~~~~~~~~~~~~~~~~~~~~~~~~~~~~~~~~~~~~~~~~~~~~~~~~~~~~~~~~~~~~~~
Spectral_Functions.c:193:7: warning: ignoring return value of ‘fscanf’, declared with attribute warn_unused_result [-Wunused-result]
  193 |       fscanf( spconfigfile, "%[^=]= %ld", text, &spconfig->ncams_grating         );
      |       ^~~~~~~~~~~~~~~~~~~~~~~~~~~~~~~~~~~~~~~~~~~~~~~~~~~~~~~~~~~~~~~~~~~~~~~~~~~~
Spectral_Functions.c:194:7: warning: ignoring return value of ‘fscanf’, declared with attribute warn_unused_result [-Wunused-result]
  194 |       fscanf( spconfigfile, "\n"                                                 );
      |       ^~~~~~~~~~~~~~~~~~~~~~~~~~~~~~~~~~~~~~~~~~~~~~~~~~~~~~~~~~~~~~~~~~~~~~~~~~~~
Spectral_Functions.c:195:7: warning: ignoring return value of ‘fscanf’, declared with attribute warn_unused_result [-Wunused-result]
  195 |       fscanf( spconfigfile, "%[^\n]\n",   text                                   );
      |       ^~~~~~~~~~~~~~~~~~~~~~~~~~~~~~~~~~~~~~~~~~~~~~~~~~~~~~~~~~~~~~~~~~~~~~~~~~~~
Spectral_Functions.c:196:7: warning: ignoring return value of ‘fscanf’, declared with attribute warn_unused_result [-Wunused-result]
  196 |       fscanf( spconfigfile, "%[^\n]\n",   text                                   );
      |       ^~~~~~~~~~~~~~~~~~~~~~~~~~~~~~~~~~~~~~~~~~~~~~~~~~~~~~~~~~~~~~~~~~~~~~~~~~~~
Spectral_Functions.c:197:7: warning: ignoring return value of ‘fscanf’, declared with attribute warn_unused_result [-Wunused-result]
  197 |       fscanf( spconfigfile, "%[^\n]\n",   text                                   );
      |       ^~~~~~~~~~~~~~~~~~~~~~~~~~~~~~~~~~~~~~~~~~~~~~~~~~~~~~~~~~~~~~~~~~~~~~~~~~~~
Spectral_Functions.c:208:9: warning: ignoring return value of ‘fscanf’, declared with attribute warn_unused_result [-Wunused-result]
  208 |         fscanf( spconfigfile, "%ld %lf", &spconfig->camnum[k], &spconfig->linespermm[k] );
      |         ^~~~~~~~~~~~~~~~~~~~~~~~~~~~~~~~~~~~~~~~~~~~~~~~~~~~~~~~~~~~~~~~~~~~~~~~~~~~~~~~~
Spectral_Functions.c: In function ‘ReadSpectralCALfile’:
Spectral_Functions.c:345:7: warning: ignoring return value of ‘fscanf’, declared with attribute warn_unused_result [-Wunused-result]
  345 |       fscanf( spcalibfile, "Version = %lf\n", &FileVersion );
      |       ^~~~~~~~~~~~~~~~~~~~~~~~~~~~~~~~~~~~~~~~~~~~~~~~~~~~~~
Spectral_Functions.c:346:7: warning: ignoring return value of ‘fscanf’, declared with attribute warn_unused_result [-Wunused-result]
  346 |       fscanf( spcalibfile, "NumCams = %ld\n",  &ncams_file );
      |       ^~~~~~~~~~~~~~~~~~~~~~~~~~~~~~~~~~~~~~~~~~~~~~~~~~~~~~
Spectral_Functions.c:347:4: warning: ignoring return value of ‘fscanf’, declared with attribute warn_unused_result [-Wunused-result]
  347 |    fscanf( spcalibfile, "%[^\n]\n", text );
      |    ^~~~~~~~~~~~~~~~~~~~~~~~~~~~~~~~~~~~~~~
Spectral_Functions.c:348:4: warning: ignoring return value of ‘fscanf’, declared with attribute warn_unused_result [-Wunused-result]
  348 |    fscanf( spcalibfile, "%[^\n]\n", text );
      |    ^~~~~~~~~~~~~~~~~~~~~~~~~~~~~~~~~~~~~~~
Spectral_Functions.c:355:12: warning: ignoring return value of ‘fscanf’, declared with attribute warn_unused_result [-Wunused-result]
  355 |            fscanf( spcalibfile, "%ld %ld/%ld/%ld %ld:%ld:%ld %lf %lf %lf\n",
      |            ^~~~~~~~~~~~~~~~~~~~~~~~~~~~~~~~~~~~~~~~~~~~~~~~~~~~~~~~~~~~~~~~~
  356 |           &camnum, &month, &day, &year, &hour, &minute, &second, &roll_deg, &pitch_deg, &yaw_deg );
      |           ~~~~~~~~~~~~~~~~~~~~~~~~~~~~~~~~~~~~~~~~~~~~~~~~~~~~~~~~~~~~~~~~~~~~~~~~~~~~~~~~~~~~~~~~
Spectral_Functions.c:382:5: warning: ignoring return value of ‘fscanf’, declared with attribute warn_unused_result [-Wunused-result]
  382 |     fscanf( spcalibfile, "%[^\n]\n",     text );
      |     ^~~~~~~~~~~~~~~~~~~~~~~~~~~~~~~~~~~~~~~~~~~
Spectral_Functions.c:383:4: warning: ignoring return value of ‘fscanf’, declared with attribute warn_unused_result [-Wunused-result]
  383 |    fscanf( spcalibfile, "%[^=]=%d",     text, &spcalib->extn_fittype  );
      |    ^~~~~~~~~~~~~~~~~~~~~~~~~~~~~~~~~~~~~~~~~~~~~~~~~~~~~~~~~~~~~~~~~~~~
Spectral_Functions.c:384:4: warning: ignoring return value of ‘fscanf’, declared with attribute warn_unused_result [-Wunused-result]
  384 |    fscanf( spcalibfile, "%[^=]=%lf",    text, &spcalib->extn_scale    );
      |    ^~~~~~~~~~~~~~~~~~~~~~~~~~~~~~~~~~~~~~~~~~~~~~~~~~~~~~~~~~~~~~~~~~~~
Spectral_Functions.c:385:4: warning: ignoring return value of ‘fscanf’, declared with attribute warn_unused_result [-Wunused-result]
  385 |    fscanf( spcalibfile, "%[^=]=%lf",    text, &spcalib->extn_rayleigh );
      |    ^~~~~~~~~~~~~~~~~~~~~~~~~~~~~~~~~~~~~~~~~~~~~~~~~~~~~~~~~~~~~~~~~~~~
Spectral_Functions.c:386:4: warning: ignoring return value of ‘fscanf’, declared with attribute warn_unused_result [-Wunused-result]
  386 |    fscanf( spcalibfile, "%[^=]=%lf",    text, &spcalib->extn_oxygen2  );
      |    ^~~~~~~~~~~~~~~~~~~~~~~~~~~~~~~~~~~~~~~~~~~~~~~~~~~~~~~~~~~~~~~~~~~~
Spectral_Functions.c:387:4: warning: ignoring return value of ‘fscanf’, declared with attribute warn_unused_result [-Wunused-result]
  387 |    fscanf( spcalibfile, "%[^=]=%lf",    text, &spcalib->extn_ozone    );
      |    ^~~~~~~~~~~~~~~~~~~~~~~~~~~~~~~~~~~~~~~~~~~~~~~~~~~~~~~~~~~~~~~~~~~~
Spectral_Functions.c:388:4: warning: ignoring return value of ‘fscanf’, declared with attribute warn_unused_result [-Wunused-result]
  388 |    fscanf( spcalibfile, "%[^=]=%lf",    text, &spcalib->extn_dust     );
      |    ^~~~~~~~~~~~~~~~~~~~~~~~~~~~~~~~~~~~~~~~~~~~~~~~~~~~~~~~~~~~~~~~~~~~
Spectral_Functions.c:389:4: warning: ignoring return value of ‘fscanf’, declared with attribute warn_unused_result [-Wunused-result]
  389 |    fscanf( spcalibfile, "%[^=]=%lf",    text, &spcalib->extn_water    );
      |    ^~~~~~~~~~~~~~~~~~~~~~~~~~~~~~~~~~~~~~~~~~~~~~~~~~~~~~~~~~~~~~~~~~~~
Spectral_Functions.c:390:4: warning: ignoring return value of ‘fscanf’, declared with attribute warn_unused_result [-Wunused-result]
  390 |    fscanf( spcalibfile, "%[^\n]\n",     text );
      |    ^~~~~~~~~~~~~~~~~~~~~~~~~~~~~~~~~~~~~~~~~~~
Spectral_Functions.c:391:4: warning: ignoring return value of ‘fscanf’, declared with attribute warn_unused_result [-Wunused-result]
  391 |    fscanf( spcalibfile, "%[^=]= %ld\n",  text, &nwave_file );
      |    ^~~~~~~~~~~~~~~~~~~~~~~~~~~~~~~~~~~~~~~~~~~~~~~~~~~~~~~~~
Spectral_Functions.c:392:4: warning: ignoring return value of ‘fscanf’, declared with attribute warn_unused_result [-Wunused-result]
  392 |    fscanf( spcalibfile, "%[^=]= %lf\n", text, &spcalib->resp_normalization );
      |    ^~~~~~~~~~~~~~~~~~~~~~~~~~~~~~~~~~~~~~~~~~~~~~~~~~~~~~~~~~~~~~~~~~~~~~~~~
Spectral_Functions.c:393:4: warning: ignoring return value of ‘fscanf’, declared with attribute warn_unused_result [-Wunused-result]
  393 |    fscanf( spcalibfile, "%[^\n]\n",     text );
      |    ^~~~~~~~~~~~~~~~~~~~~~~~~~~~~~~~~~~~~~~~~~~
Spectral_Functions.c:394:4: warning: ignoring return value of ‘fscanf’, declared with attribute warn_unused_result [-Wunused-result]
  394 |    fscanf( spcalibfile, "%[^\n]\n",     text );
      |    ^~~~~~~~~~~~~~~~~~~~~~~~~~~~~~~~~~~~~~~~~~~
Spectral_Functions.c:423:6: warning: ignoring return value of ‘fscanf’, declared with attribute warn_unused_result [-Wunused-result]
  423 |      fscanf( spcalibfile, " %lf %lf %lf %lf %lf %lf %lf", &wave[kwave_file],
      |      ^~~~~~~~~~~~~~~~~~~~~~~~~~~~~~~~~~~~~~~~~~~~~~~~~~~~~~~~~~~~~~~~~~~~~~~
  424 |                                                        &wcumR[kwave_file],
      |                                                        ~~~~~~~~~~~~~~~~~~~
  425 |                                                        &prevR[kwave_file],
      |                                                        ~~~~~~~~~~~~~~~~~~~
  426 |                                                        &cummR[kwave_file],
      |                                                        ~~~~~~~~~~~~~~~~~~~
  427 |                                                        &modlR[kwave_file],
      |                                                        ~~~~~~~~~~~~~~~~~~~
  428 |                                                        &prevE[kwave_file],
      |                                                        ~~~~~~~~~~~~~~~~~~~
  429 |                                                        &cummE[kwave_file]  );
      |                                                        ~~~~~~~~~~~~~~~~~~~~~
Spectral_Functions.c: In function ‘ReadElementsData’:
Spectral_Functions.c:1187:2: warning: ignoring return value of ‘fscanf’, declared with attribute warn_unused_result [-Wunused-result]
 1187 |  fscanf(elemfile, "%[^\n]\n", text);  // read the 5 header lines
      |  ^~~~~~~~~~~~~~~~~~~~~~~~~~~~~~~~~~
Spectral_Functions.c:1188:2: warning: ignoring return value of ‘fscanf’, declared with attribute warn_unused_result [-Wunused-result]
 1188 |  fscanf(elemfile, "%[^\n]\n", text);
      |  ^~~~~~~~~~~~~~~~~~~~~~~~~~~~~~~~~~
Spectral_Functions.c:1189:2: warning: ignoring return value of ‘fscanf’, declared with attribute warn_unused_result [-Wunused-result]
 1189 |  fscanf(elemfile, "%[^\n]\n", text);
      |  ^~~~~~~~~~~~~~~~~~~~~~~~~~~~~~~~~~
Spectral_Functions.c:1190:2: warning: ignoring return value of ‘fscanf’, declared with attribute warn_unused_result [-Wunused-result]
 1190 |  fscanf(elemfile, "%[^\n]\n", text);
      |  ^~~~~~~~~~~~~~~~~~~~~~~~~~~~~~~~~~
Spectral_Functions.c:1191:2: warning: ignoring return value of ‘fscanf’, declared with attribute warn_unused_result [-Wunused-result]
 1191 |  fscanf(elemfile, "%[^\n]\n", text);
      |  ^~~~~~~~~~~~~~~~~~~~~~~~~~~~~~~~~~
Spectral_Functions.c:1195:3: warning: ignoring return value of ‘fscanf’, declared with attribute warn_unused_result [-Wunused-result]
 1195 |   fscanf(elemfile, "%[^\n]\n", text);
      |   ^~~~~~~~~~~~~~~~~~~~~~~~~~~~~~~~~~
Spectral_Functions.c:1235:2: warning: ignoring return value of ‘fscanf’, declared with attribute warn_unused_result [-Wunused-result]
 1235 |  fscanf(elemfile, "%[^\n]\n", text);          //... read the first dashed header line
      |  ^~~~~~~~~~~~~~~~~~~~~~~~~~~~~~~~~~
Spectral_Functions.c:1236:2: warning: ignoring return value of ‘fscanf’, declared with attribute warn_unused_result [-Wunused-result]
 1236 |  fscanf(elemfile, "%[^=]= %d\n", text, &Npf); //... read the second header line
      |  ^~~~~~~~~~~~~~~~~~~~~~~~~~~~~~~~~~~~~~~~~~~
Spectral_Functions.c:1237:2: warning: ignoring return value of ‘fscanf’, declared with attribute warn_unused_result [-Wunused-result]
 1237 |  fscanf(elemfile, "%[^\n]\n", text);          //... read the third header line
      |  ^~~~~~~~~~~~~~~~~~~~~~~~~~~~~~~~~~
Spectral_Functions.c:1245:33: warning: ignoring return value of ‘fscanf’, declared with attribute warn_unused_result [-Wunused-result]
 1245 |  for (kpf = 0; kpf < 4; kpf++)  fscanf(elemfile, "%s", text);
      |                                 ^~~~~~~~~~~~~~~~~~~~~~~~~~~~
Spectral_Functions.c:1246:39: warning: ignoring return value of ‘fscanf’, declared with attribute warn_unused_result [-Wunused-result]
 1246 |  for (kpf = 0; kpf < Npf + 1; kpf++)  fscanf(elemfile, "%dK", &Tpf[kpf]);
      |                                       ^~~~~~~~~~~~~~~~~~~~~~~~~~~~~~~~~~
Spectral_Functions.c:1247:2: warning: ignoring return value of ‘fscanf’, declared with attribute warn_unused_result [-Wunused-result]
 1247 |  fscanf(elemfile, "%[^\n]\n", text);  //... read to the end of the fourth header line
      |  ^~~~~~~~~~~~~~~~~~~~~~~~~~~~~~~~~~
Spectral_Functions.c:1249:2: warning: ignoring return value of ‘fscanf’, declared with attribute warn_unused_result [-Wunused-result]
 1249 |  fscanf(elemfile, "%[^\n]\n", text);  //... read last dashed header line
      |  ^~~~~~~~~~~~~~~~~~~~~~~~~~~~~~~~~~
Spectral_Functions.c:1282:3: warning: ignoring return value of ‘fscanf’, declared with attribute warn_unused_result [-Wunused-result]
 1282 |   fscanf(elemfile, "%d %s %lf %d %lf %lf %lf %lf",
      |   ^~~~~~~~~~~~~~~~~~~~~~~~~~~~~~~~~~~~~~~~~~~~~~~~
 1283 |    &els->init_fitflag,
      |    ~~~~~~~~~~~~~~~~~~~
 1284 |    els->element_filename,
      |    ~~~~~~~~~~~~~~~~~~~~~~
 1285 |    &els->elementcode,
      |    ~~~~~~~~~~~~~~~~~~
 1286 |    &els->warmhot,
      |    ~~~~~~~~~~~~~~
 1287 |    &els->init_abundance,
      |    ~~~~~~~~~~~~~~~~~~~~~
 1288 |    &els->ionenergy,
      |    ~~~~~~~~~~~~~~~~
 1289 |    &els->Vo,
      |    ~~~~~~~~~
 1290 |    &els->c);
      |    ~~~~~~~~
Spectral_Functions.c:1296:36: warning: ignoring return value of ‘fscanf’, declared with attribute warn_unused_result [-Wunused-result]
 1296 |   for (kpf = 0; kpf < Npf; kpf++)  fscanf(elemfile, "%lf", &els->partfunc[kpf]);
      |                                    ^~~~~~~~~~~~~~~~~~~~~~~~~~~~~~~~~~~~~~~~~~~~
Spectral_Functions.c:1298:3: warning: ignoring return value of ‘fscanf’, declared with attribute warn_unused_result [-Wunused-result]
 1298 |   fscanf(elemfile, "%[^\n]\n", text);  //... read to the end of the line
      |   ^~~~~~~~~~~~~~~~~~~~~~~~~~~~~~~~~~
Spectral_Functions.c:1401:3: warning: ignoring return value of ‘fscanf’, declared with attribute warn_unused_result [-Wunused-result]
 1401 |   fscanf(elemfile, "Number of lines in output :%d\n", &els->nlines);
      |   ^~~~~~~~~~~~~~~~~~~~~~~~~~~~~~~~~~~~~~~~~~~~~~~~~~~~~~~~~~~~~~~~~
Spectral_Functions.c:1417:4: warning: ignoring return value of ‘fscanf’, declared with attribute warn_unused_result [-Wunused-result]
 1417 |    fscanf(elemfile, "%[^\n]\n", text); // read the four header lines
      |    ^~~~~~~~~~~~~~~~~~~~~~~~~~~~~~~~~~
Spectral_Functions.c:1418:4: warning: ignoring return value of ‘fscanf’, declared with attribute warn_unused_result [-Wunused-result]
 1418 |    fscanf(elemfile, "%[^\n]\n", text);
      |    ^~~~~~~~~~~~~~~~~~~~~~~~~~~~~~~~~~
Spectral_Functions.c:1419:4: warning: ignoring return value of ‘fscanf’, declared with attribute warn_unused_result [-Wunused-result]
 1419 |    fscanf(elemfile, "%[^\n]\n", text);
      |    ^~~~~~~~~~~~~~~~~~~~~~~~~~~~~~~~~~
Spectral_Functions.c:1420:4: warning: ignoring return value of ‘fscanf’, declared with attribute warn_unused_result [-Wunused-result]
 1420 |    fscanf(elemfile, "%[^\n]\n", text);
      |    ^~~~~~~~~~~~~~~~~~~~~~~~~~~~~~~~~~
Spectral_Functions.c:1427:6: warning: ignoring return value of ‘fscanf’, declared with attribute warn_unused_result [-Wunused-result]
 1427 |      fscanf(elemfile, "%lf %lf %lf %lf %lf %lf %lf %lf %lf %lf %[^\n]\n",
      |      ^~~~~~~~~~~~~~~~~~~~~~~~~~~~~~~~~~~~~~~~~~~~~~~~~~~~~~~~~~~~~~~~~~~~
 1428 |       &wvac, &wair, &ephoton, &log10gf, &avalue, &code, &Elower, &Jlower, &Eupper, &Jupper, text);
      |       ~~~~~~~~~~~~~~~~~~~~~~~~~~~~~~~~~~~~~~~~~~~~~~~~~~~~~~~~~~~~~~~~~~~~~~~~~~~~~~~~~~~~~~~~~~~
Spectral_Functions.c:1445:6: warning: ignoring return value of ‘fscanf’, declared with attribute warn_unused_result [-Wunused-result]
 1445 |      fscanf(elemfile, "%lf %lf\n",
      |      ^~~~~~~~~~~~~~~~~~~~~~~~~~~~~
 1446 |       &wvac, &specvalue);
      |       ~~~~~~~~~~~~~~~~~~
Spectral_Functions.c: In function ‘ReadStarSpectra’:
Spectral_Functions.c:1607:2: warning: ignoring return value of ‘fscanf’, declared with attribute warn_unused_result [-Wunused-result]
 1607 |  fscanf(starfile, "%[^=]= %d\n", textline, &nwave_star);
      |  ^~~~~~~~~~~~~~~~~~~~~~~~~~~~~~~~~~~~~~~~~~~~~~~~~~~~~~
Spectral_Functions.c:1609:2: warning: ignoring return value of ‘fscanf’, declared with attribute warn_unused_result [-Wunused-result]
 1609 |  fscanf(starfile, "%[^=]= %d\n", textline, &nstars);
      |  ^~~~~~~~~~~~~~~~~~~~~~~~~~~~~~~~~~~~~~~~~~~~~~~~~~
Spectral_Functions.c:1611:2: warning: ignoring return value of ‘fscanf’, declared with attribute warn_unused_result [-Wunused-result]
 1611 |  fscanf(starfile, "%[^=]= %lf\n", textline, &star_specscale);
      |  ^~~~~~~~~~~~~~~~~~~~~~~~~~~~~~~~~~~~~~~~~~~~~~~~~~~~~~~~~~~
Spectral_Functions.c:1613:2: warning: ignoring return value of ‘fscanf’, declared with attribute warn_unused_result [-Wunused-result]
 1613 |  fscanf(starfile, "%[^\n]\n", textline);
      |  ^~~~~~~~~~~~~~~~~~~~~~~~~~~~~~~~~~~~~~
Spectral_Functions.c:1614:2: warning: ignoring return value of ‘fscanf’, declared with attribute warn_unused_result [-Wunused-result]
 1614 |  fscanf(starfile, "%[^\n]\n", textline);
      |  ^~~~~~~~~~~~~~~~~~~~~~~~~~~~~~~~~~~~~~
Spectral_Functions.c:1615:2: warning: ignoring return value of ‘fscanf’, declared with attribute warn_unused_result [-Wunused-result]
 1615 |  fscanf(starfile, "%[^\n]\n", textline);
      |  ^~~~~~~~~~~~~~~~~~~~~~~~~~~~~~~~~~~~~~
Spectral_Functions.c:1637:2: warning: ignoring return value of ‘fscanf’, declared with attribute warn_unused_result [-Wunused-result]
 1637 |  fscanf(starfile, "%[^:]:", textline);
      |  ^~~~~~~~~~~~~~~~~~~~~~~~~~~~~~~~~~~~
Spectral_Functions.c:1639:39: warning: ignoring return value of ‘fscanf’, declared with attribute warn_unused_result [-Wunused-result]
 1639 |  for (kw = 0; kw < nwave_star; kw++)  fscanf(starfile, "%lf", &starspectra->wave[kw]);
      |                                       ^~~~~~~~~~~~~~~~~~~~~~~~~~~~~~~~~~~~~~~~~~~~~~~
Spectral_Functions.c:1641:2: warning: ignoring return value of ‘fscanf’, declared with attribute warn_unused_result [-Wunused-result]
 1641 |  fscanf(starfile, "%[^\n]\n", textline);
      |  ^~~~~~~~~~~~~~~~~~~~~~~~~~~~~~~~~~~~~~
Spectral_Functions.c:1643:2: warning: ignoring return value of ‘fscanf’, declared with attribute warn_unused_result [-Wunused-result]
 1643 |  fscanf(starfile, "%[^\n]\n", textline);
      |  ^~~~~~~~~~~~~~~~~~~~~~~~~~~~~~~~~~~~~~
Spectral_Functions.c:1650:3: warning: ignoring return value of ‘fscanf’, declared with attribute warn_unused_result [-Wunused-result]
 1650 |   fscanf(starfile, "%ld %5s %lf %lf %lf %lf %lf %lf",
      |   ^~~~~~~~~~~~~~~~~~~~~~~~~~~~~~~~~~~~~~~~~~~~~~~~~~~
 1651 |    &starspectra->star[ks].hip,
      |    ~~~~~~~~~~~~~~~~~~~~~~~~~~~
 1652 |    &starspectra->star[ks].specType,
      |    ~~~~~~~~~~~~~~~~~~~~~~~~~~~~~~~~
 1653 |    &starspectra->star[ks].ra_deg,
      |    ~~~~~~~~~~~~~~~~~~~~~~~~~~~~~~
 1654 |    &starspectra->star[ks].dec_deg,
      |    ~~~~~~~~~~~~~~~~~~~~~~~~~~~~~~~
 1655 |    &starspectra->star[ks].vmag,
      |    ~~~~~~~~~~~~~~~~~~~~~~~~~~~~
 1656 |    &starspectra->star[ks].bv,
      |    ~~~~~~~~~~~~~~~~~~~~~~~~~~
 1657 |    &starspectra->star[ks].vi,
      |    ~~~~~~~~~~~~~~~~~~~~~~~~~~
 1658 |    &starspectra->star[ks].bv0);
      |    ~~~~~~~~~~~~~~~~~~~~~~~~~~~
Spectral_Functions.c:1662:40: warning: ignoring return value of ‘fscanf’, declared with attribute warn_unused_result [-Wunused-result]
 1662 |   for (kw = 0; kw < nwave_star; kw++)  fscanf(starfile, "%lf", &starspectra->star[ks].specval[kw]);
      |                                        ^~~~~~~~~~~~~~~~~~~~~~~~~~~~~~~~~~~~~~~~~~~~~~~~~~~~~~~~~~~
Spectral_Functions.c:1664:3: warning: ignoring return value of ‘fscanf’, declared with attribute warn_unused_result [-Wunused-result]
 1664 |   fscanf(starfile, "\n");
      |   ^~~~~~~~~~~~~~~~~~~~~~
make: *** [<builtin>: Spectral_Functions.o] Error 1
